java.nio.file.InvalidPathException: Illegal char <:> at index 4: $env:JAVA_HOME=C:\Program Files\Eclipse Adoptium\jdk-21.0.6
  java.base/sun.nio.fs.WindowsPathParser.normalize(WindowsPathParser.java:204)
  java.base/sun.nio.fs.WindowsPathParser.parse(WindowsPathParser.java:175)
  java.base/sun.nio.fs.WindowsPathParser.parse(WindowsPathParser.java:77)
  java.base/sun.nio.fs.WindowsPath.parse(WindowsPath.java:92)
  java.base/sun.nio.fs.WindowsFileSystem.getPath(WindowsFileSystem.java:231)
  java.base/java.nio.file.Path.of(Path.java:148)
  java.base/java.nio.file.Paths.get(Paths.java:69)
  os.PathConvertible$StringConvertible$.apply(Path.scala:604)
  os.PathConvertible$StringConvertible$.apply(Path.scala:604)
  os.FilePath$.f$2(Path.scala:290)
  os.FilePath$.apply(Path.scala:292)
  os.Path$.apply(Path.scala:453)
  scala.build.options.JavaOptions.findLocalDefaultJava$$anonfun$2(JavaOptions.scala:153)
  scala.Option.map(Option.scala:242)
  scala.build.options.JavaOptions.findLocalDefaultJava(JavaOptions.scala:152)
  scala.build.options.JavaOptions.javaHomeLocationOpt$$anonfun$1(JavaOptions.scala:76)
  scala.Option.orElse(Option.scala:477)
  scala.build.options.JavaOptions.javaHomeLocationOpt(JavaOptions.scala:90)
  scala.build.options.BuildOptions.javaHomeLocationOpt(BuildOptions.scala:245)
  scala.cli.commands.shared.SharedOptions.$anonfun$38(SharedOptions.scala:589)
  scala.Option.orElse(Option.scala:477)
  scala.cli.commands.shared.SharedOptions.bloopRifleConfig$$anonfun$1(SharedOptions.scala:595)
  scala.build.EitherCps$Helper.apply(EitherCps.scala:19)
  scala.cli.commands.shared.SharedOptions.bloopRifleConfig(SharedOptions.scala:580)
  scala.cli.commands.bsp.Bsp$.runCommand(Bsp.scala:147)
  scala.cli.commands.bsp.Bsp$.runCommand(Bsp.scala:76)
  scala.cli.commands.ScalaCommand.run(ScalaCommand.scala:401)
  scala.cli.commands.ScalaCommand.run(ScalaCommand.scala:382)
  caseapp.core.app.CaseApp.main(CaseApp.scala:166)
  scala.cli.commands.ScalaCommand.main(ScalaCommand.scala:367)
  caseapp.core.app.CommandsEntryPoint.main(CommandsEntryPoint.scala:370)
  scala.cli.ScalaCliCommands.main(ScalaCliCommands.scala:125)
  scala.cli.ScalaCli$.main0(ScalaCli.scala:320)
  scala.cli.ScalaCli$.main(ScalaCli.scala:124)
  scala.cli.ScalaCli.main(ScalaCli.scala)
